<?xml version="1.0" encoding="UTF-8"?>
<testsuite name="LibraryTest" tests="1" skipped="0" failures="0" errors="0" timestamp="2016-01-13T19:54:29" hostname="Workstation" time="0.005">
  <properties/>
  <testcase name="testSomeLibraryMethod" classname="LibraryTest" time="0.005"/>
  <system-out><![CDATA[2016-01-13 20:54:29 INFO  LibraryTest:16 - Returning hello world
]]></system-out>
  <system-err><![CDATA[]]></system-err>
</testsuite>
